<testsuites errors="0" failures="1" name="OSSC Checker for com.ibm.ws.jmx.scripting.client" tests="1">
          <testsuite errors="0" failures="1" name="OSSCChecker for com.ibm.ws.jmx.scripting.client" tests="1">
    <testcase classname="OSSCChecker" name="OSSCCheck-Missing-OSSC">
      <failure message="No ossc.xml found in the legal folder of com.ibm.ws.jmx.scripting.client">No ossc.xml found in the legal folder of com.ibm.ws.jmx.scripting.client</failure>
    </testcase>
  </testsuite>
            
</testsuites>
        