<testsuites errors="0" failures="1" name="OSSC Checker for com.ibm.wsspi.org.osgi.core" tests="1">
          <testsuite errors="0" failures="1" name="OSSCChecker for com.ibm.wsspi.org.osgi.core" tests="1">
    <testcase classname="OSSCChecker" name="OSSCCheck-Missing-OSSC">
      <failure message="No ossc.xml found in the legal folder of com.ibm.wsspi.org.osgi.core">No ossc.xml found in the legal folder of com.ibm.wsspi.org.osgi.core</failure>
    </testcase>
  </testsuite>
            
</testsuites>
        